<?xml version="1.0" encoding="UTF-8"?>
<!-- Generated by org.testng.reporters.JUnitReportReporter -->
<testsuite hostname="LAPTOP-QQ3HDQ9P" failures="0" tests="6" name="com.grandhi.banking.task2.Task2TestCase2" time="10.545" errors="0" timestamp="22 May 2021 13:04:10 GMT" skipped="0">
  <testcase classname="com.grandhi.banking.task2.Task2TestCase2" name="openAppilication" time="6.562"/>
  <testcase classname="com.grandhi.banking.task2.Task2TestCase2" name="loginAsACustomer" time="0.085"/>
  <testcase classname="com.grandhi.banking.task2.Task2TestCase2" name="loggingIn" time="0.567"/>
  <testcase classname="com.grandhi.banking.task2.Task2TestCase2" name="deposit" time="3.018"/>
  <testcase classname="com.grandhi.banking.task2.Task2TestCase2" name="logOut" time="0.109"/>
  <testcase classname="com.grandhi.banking.task2.Task2TestCase2" name="closingtheBrowser" time="0.204"/>
</testsuite> <!-- com.grandhi.banking.task2.Task2TestCase2 -->
