<?xml version="1.0" encoding="UTF-8"?>
<!-- Generated by org.testng.reporters.JUnitReportReporter -->
<testsuite hostname="LAPTOP-QQ3HDQ9P" failures="0" tests="6" name="testCases.Task2TestCase4" time="22.542" errors="0" timestamp="20 May 2021 15:37:14 GMT" skipped="1">
  <testcase classname="testCases.Task2TestCase4" name="openAppilication" time="3.430"/>
  <testcase classname="testCases.Task2TestCase4" name="loginAsACustomer" time="0.214"/>
  <testcase classname="testCases.Task2TestCase4" name="loggingIn" time="0.001"/>
  <testcase classname="testCases.Task2TestCase4" name="Transaction" time="0.000">
    <skipped/>
  </testcase> <!-- Transaction -->
  <testcase classname="testCases.Task2TestCase4" name="logOut" time="18.822"/>
  <testcase classname="testCases.Task2TestCase4" name="closingtheBrowser" time="0.075"/>
</testsuite> <!-- testCases.Task2TestCase4 -->
