<?xml version="1.0" encoding="UTF-8"?>
<!-- Generated by org.testng.reporters.JUnitReportReporter -->
<testsuite hostname="DESKTOP-OJHRA2O" failures="0" tests="1" name="com.Ecommerce.Option2.Login" time="4.354" errors="0" timestamp="01 Dec 2021 20:36:29 GMT" skipped="0">
  <testcase classname="com.Ecommerce.Option2.Login" name="openAppilication" time="4.354"/>
</testsuite> <!-- com.Ecommerce.Option2.Login -->
