<?xml version="1.0" encoding="UTF-8"?>
<!-- Generated by org.testng.reporters.JUnitReportReporter -->
<testsuite hostname="LAPTOP-QQ3HDQ9P" failures="0" tests="6" name="com.grandhi.banking.task2.Task2TestCase4" time="15.068" errors="0" timestamp="23 May 2021 18:24:49 GMT" skipped="0">
  <testcase classname="com.grandhi.banking.task2.Task2TestCase4" name="openAppilication" time="3.833"/>
  <testcase classname="com.grandhi.banking.task2.Task2TestCase4" name="loginAsACustomer" time="0.675"/>
  <testcase classname="com.grandhi.banking.task2.Task2TestCase4" name="loggingIn" time="0.001"/>
  <testcase classname="com.grandhi.banking.task2.Task2TestCase4" name="Transaction" time="10.255"/>
  <testcase classname="com.grandhi.banking.task2.Task2TestCase4" name="logOut" time="0.049"/>
  <testcase classname="com.grandhi.banking.task2.Task2TestCase4" name="closingtheBrowser" time="0.255"/>
</testsuite> <!-- com.grandhi.banking.task2.Task2TestCase4 -->
