<?xml version="1.0" encoding="UTF-8"?>
<!-- Generated by org.testng.reporters.JUnitReportReporter -->
<testsuite hostname="LAPTOP-QQ3HDQ9P" failures="0" tests="6" name="testCases.Task2TestCase3" time="14.388" errors="0" timestamp="20 May 2021 13:01:42 GMT" skipped="0">
  <testcase classname="testCases.Task2TestCase3" name="openAppilication" time="4.019"/>
  <testcase classname="testCases.Task2TestCase3" name="loginAsACustomer" time="0.080"/>
  <testcase classname="testCases.Task2TestCase3" name="loggingIn" time="0.437"/>
  <testcase classname="testCases.Task2TestCase3" name="deposit" time="9.624"/>
  <testcase classname="testCases.Task2TestCase3" name="logOut" time="0.067"/>
  <testcase classname="testCases.Task2TestCase3" name="closingtheBrowser" time="0.161"/>
</testsuite> <!-- testCases.Task2TestCase3 -->
