<?xml version="1.0" encoding="UTF-8"?>
<!-- Generated by org.testng.reporters.JUnitReportReporter -->
<testsuite hostname="LAPTOP-QQ3HDQ9P" failures="0" tests="7" name="com.grandhi.banking.task2.Task2TestCase1" time="13.552" errors="0" timestamp="21 May 2021 07:56:08 GMT" skipped="0">
  <testcase classname="com.grandhi.banking.task2.Task2TestCase1" name="openAppilication" time="9.102"/>
  <testcase classname="com.grandhi.banking.task2.Task2TestCase1" name="loginAsACustomer" time="0.534"/>
  <testcase classname="com.grandhi.banking.task2.Task2TestCase1" name="loggingIn" time="1.418"/>
  <testcase classname="com.grandhi.banking.task2.Task2TestCase1" name="deposit" time="1.049"/>
  <testcase classname="com.grandhi.banking.task2.Task2TestCase1" name="validation" time="1.089"/>
  <testcase classname="com.grandhi.banking.task2.Task2TestCase1" name="logout" time="0.111"/>
  <testcase classname="com.grandhi.banking.task2.Task2TestCase1" name="closingtheBrowser" time="0.249"/>
</testsuite> <!-- com.grandhi.banking.task2.Task2TestCase1 -->
