<?xml version="1.0" encoding="UTF-8"?>
<!-- Generated by org.testng.reporters.JUnitReportReporter -->
<testsuite hostname="LAPTOP-QQ3HDQ9P" failures="0" tests="7" name="testCases.Task2TestCase1" time="9.088" errors="0" timestamp="20 May 2021 11:51:47 GMT" skipped="0">
  <testcase classname="testCases.Task2TestCase1" name="openAppilication" time="4.504"/>
  <testcase classname="testCases.Task2TestCase1" name="loginAsACustomer" time="0.556"/>
  <testcase classname="testCases.Task2TestCase1" name="loggingIn" time="0.439"/>
  <testcase classname="testCases.Task2TestCase1" name="deposit" time="0.838"/>
  <testcase classname="testCases.Task2TestCase1" name="validation" time="2.512"/>
  <testcase classname="testCases.Task2TestCase1" name="logout" time="0.061"/>
  <testcase classname="testCases.Task2TestCase1" name="closingtheBrowser" time="0.178"/>
</testsuite> <!-- testCases.Task2TestCase1 -->
