<?xml version="1.0" encoding="UTF-8"?>
<!-- Generated by org.testng.reporters.JUnitReportReporter -->
<testsuite hostname="LAPTOP-QQ3HDQ9P" failures="0" tests="6" name="testCases.Task2TestCase2" time="5.990" errors="0" timestamp="20 May 2021 11:52:45 GMT" skipped="0">
  <testcase classname="testCases.Task2TestCase2" name="openAppilication" time="3.069"/>
  <testcase classname="testCases.Task2TestCase2" name="loginAsACustomer" time="0.515"/>
  <testcase classname="testCases.Task2TestCase2" name="loggingIn" time="0.458"/>
  <testcase classname="testCases.Task2TestCase2" name="deposit" time="1.766"/>
  <testcase classname="testCases.Task2TestCase2" name="logOut" time="0.070"/>
  <testcase classname="testCases.Task2TestCase2" name="closingtheBrowser" time="0.112"/>
</testsuite> <!-- testCases.Task2TestCase2 -->
