<?xml version="1.0" encoding="UTF-8"?>
<!-- Generated by org.testng.reporters.JUnitReportReporter -->
<testsuite hostname="LAPTOP-QQ3HDQ9P" failures="0" tests="2" name="testCases.TestScript" time="3.079" errors="0" timestamp="19 May 2021 22:00:45 GMT" skipped="1">
  <testcase classname="testCases.TestScript" name="POMTest" time="3.079"/>
  <testcase classname="testCases.TestScript" name="readPropertyTest">
    <skipped/>
  </testcase> <!-- readPropertyTest -->
</testsuite> <!-- testCases.TestScript -->
