<?xml version="1.0" encoding="UTF-8"?>
<!-- Generated by org.testng.reporters.JUnitReportReporter -->
<testsuite hostname="LAPTOP-QQ3HDQ9P" failures="0" tests="1" name="com.grandhi.banking.task1.T1TestCase1" time="2.398" errors="0" timestamp="23 May 2021 14:50:30 GMT" skipped="0">
  <testcase classname="com.grandhi.banking.task1.T1TestCase1" name="post" time="2.398"/>
</testsuite> <!-- com.grandhi.banking.task1.T1TestCase1 -->
