<?xml version="1.0" encoding="UTF-8"?>
<!-- Generated by org.testng.reporters.JUnitReportReporter -->
<testsuite hostname="LAPTOP-QQ3HDQ9P" failures="0" tests="1" name="com.grandhi.banking.task1.T1TestCase3" time="1.515" errors="0" timestamp="23 May 2021 18:26:54 GMT" skipped="0">
  <testcase classname="com.grandhi.banking.task1.T1TestCase3" name="get" time="1.515"/>
</testsuite> <!-- com.grandhi.banking.task1.T1TestCase3 -->
