<?xml version="1.0" encoding="UTF-8"?>
<!-- Generated by org.testng.reporters.JUnitReportReporter -->
<testsuite hostname="LAPTOP-QQ3HDQ9P" failures="0" tests="1" name="com.grandhi.banking.task1.T1TestCase2" time="1.261" errors="0" timestamp="21 May 2021 07:47:25 GMT" skipped="0">
  <testcase classname="com.grandhi.banking.task1.T1TestCase2" name="get" time="1.261"/>
</testsuite> <!-- com.grandhi.banking.task1.T1TestCase2 -->
