<?xml version="1.0" encoding="UTF-8"?>
<!-- Generated by org.testng.reporters.JUnitReportReporter -->
<testsuite hostname="LAPTOP-QQ3HDQ9P" failures="0" tests="1" name="com.grandhi.banking.task1.T1TestCase3new" time="2.456" errors="0" timestamp="22 May 2021 13:29:51 GMT" skipped="0">
  <testcase classname="com.grandhi.banking.task1.T1TestCase3new" name="get" time="2.456"/>
</testsuite> <!-- com.grandhi.banking.task1.T1TestCase3new -->
